-------------------------------------------------------------------------------
Test set: com.proyectoJuegoCalabozos.Proyecto.RoomControllerIntegrationTest
-------------------------------------------------------------------------------
Tests run: 1, Failures: 1, Errors: 0, Skipped: 0, Time elapsed: 20.876 s <<< FAILURE! - in com.proyectoJuegoCalabozos.Proyecto.RoomControllerIntegrationTest
listPlayersFromRoom  Time elapsed: 6.89 s  <<< FAILURE!
java.lang.AssertionError: expected:<com.proyectoJuegoCalabozos.Proyecto.model.Player@202ed88d> but was:<com.proyectoJuegoCalabozos.Proyecto.model.Player@270a113f>
	at com.proyectoJuegoCalabozos.Proyecto.RoomControllerIntegrationTest.listPlayersFromRoom(RoomControllerIntegrationTest.java:69)

